[30-Jul-2025 07:43:20 UTC] Sales query for vendor b1bbf44d-ca3b-4880-aa1a-5e774ffcaf54 returned 11 results
[30-Jul-2025 07:43:29 UTC] Sales query for vendor b1bbf44d-ca3b-4880-aa1a-5e774ffcaf54 returned 11 results
[30-Jul-2025 07:43:31 UTC] Sales query for vendor b1bbf44d-ca3b-4880-aa1a-5e774ffcaf54 returned 11 results
[30-Jul-2025 07:43:32 UTC] Sales query for vendor b1bbf44d-ca3b-4880-aa1a-5e774ffcaf54 returned 11 results
[30-Jul-2025 07:43:48 UTC] Sales query for vendor b1bbf44d-ca3b-4880-aa1a-5e774ffcaf54 returned 11 results
[30-Jul-2025 07:43:55 UTC] Sales query for vendor b1bbf44d-ca3b-4880-aa1a-5e774ffcaf54 returned 11 results
[30-Jul-2025 07:44:04 UTC] Sales query for vendor b1bbf44d-ca3b-4880-aa1a-5e774ffcaf54 returned 11 results
[30-Jul-2025 07:44:44 UTC] Sales query for vendor b1bbf44d-ca3b-4880-aa1a-5e774ffcaf54 returned 11 results
[30-Jul-2025 07:45:08 UTC] Sales query for vendor b1bbf44d-ca3b-4880-aa1a-5e774ffcaf54 returned 11 results
[30-Jul-2025 07:45:16 UTC] Sales query for vendor b1bbf44d-ca3b-4880-aa1a-5e774ffcaf54 returned 11 results
[30-Jul-2025 07:45:19 UTC] Sales query for vendor b1bbf44d-ca3b-4880-aa1a-5e774ffcaf54 returned 11 results
[30-Jul-2025 07:45:32 UTC] Sales query for vendor b1bbf44d-ca3b-4880-aa1a-5e774ffcaf54 returned 11 results
[30-Jul-2025 07:45:59 UTC] Sales query for vendor b1bbf44d-ca3b-4880-aa1a-5e774ffcaf54 returned 11 results
[30-Jul-2025 07:46:06 UTC] Sales query for vendor b1bbf44d-ca3b-4880-aa1a-5e774ffcaf54 returned 11 results
[30-Jul-2025 08:04:58 UTC] Sales query for vendor ad96466d-b525-4c68-99b8-8792df419308 returned 0 results
[30-Jul-2025 08:04:58 UTC] Vendor ad96466d-b525-4c68-99b8-8792df419308 has 0 listings
[30-Jul-2025 08:04:58 UTC] Found 0 purchases for vendor ad96466d-b525-4c68-99b8-8792df419308's listings
[30-Jul-2025 08:05:06 UTC] Cart item: listing_id=d9467c54-c0a4-4cde-9461-af6c8f9dc497, vendor_id=b1bbf44d-ca3b-4880-aa1a-5e774ffcaf54, buyer_id=ad96466d-b525-4c68-99b8-8792df419308
[30-Jul-2025 08:05:06 UTC] Created purchase_history record: buyer=ad96466d-b525-4c68-99b8-8792df419308, listing=d9467c54-c0a4-4cde-9461-af6c8f9dc497, transaction=f17673c8-2bcd-49a5-ae51-858a9e660803
[30-Jul-2025 08:05:07 UTC] Sales query for vendor ad96466d-b525-4c68-99b8-8792df419308 returned 0 results
[30-Jul-2025 08:05:07 UTC] Vendor ad96466d-b525-4c68-99b8-8792df419308 has 0 listings
[30-Jul-2025 08:05:07 UTC] Found 0 purchases for vendor ad96466d-b525-4c68-99b8-8792df419308's listings
[30-Jul-2025 08:52:17 UTC] Cart item: listing_id=ec545b8f-a1ff-4f94-bb28-7b0be5eaaf6f, vendor_id=b1bbf44d-ca3b-4880-aa1a-5e774ffcaf54, buyer_id=0879ecee-dc27-41dc-8c01-d221decaa3cd
[30-Jul-2025 08:52:17 UTC] Cart item: listing_id=d9467c54-c0a4-4cde-9461-af6c8f9dc497, vendor_id=b1bbf44d-ca3b-4880-aa1a-5e774ffcaf54, buyer_id=0879ecee-dc27-41dc-8c01-d221decaa3cd
[30-Jul-2025 08:52:17 UTC] Cart item: listing_id=42cd41af-383f-4f5c-b1de-11453f621ba7, vendor_id=a15e330d-9f22-4c72-a93d-854c6925aa3d, buyer_id=0879ecee-dc27-41dc-8c01-d221decaa3cd
[30-Jul-2025 08:52:17 UTC] Cart item: listing_id=ffed6d7f-dac2-417a-bb69-9f8014cc4ed6, vendor_id=aa657629-d62c-4647-827f-242e14da4dfb, buyer_id=0879ecee-dc27-41dc-8c01-d221decaa3cd
[30-Jul-2025 08:52:17 UTC] Created purchase_history record: buyer=0879ecee-dc27-41dc-8c01-d221decaa3cd, listing=ec545b8f-a1ff-4f94-bb28-7b0be5eaaf6f, transaction=0f142aa5-7cab-468b-b66d-6b41120fbc69
[30-Jul-2025 08:52:17 UTC] Created purchase_history record: buyer=0879ecee-dc27-41dc-8c01-d221decaa3cd, listing=d9467c54-c0a4-4cde-9461-af6c8f9dc497, transaction=a9c3639d-99b2-4558-a15f-0f143d98d000
[30-Jul-2025 08:52:17 UTC] Created purchase_history record: buyer=0879ecee-dc27-41dc-8c01-d221decaa3cd, listing=42cd41af-383f-4f5c-b1de-11453f621ba7, transaction=3ad8d5c4-af1c-4cb1-96f9-d98cc95572aa
[30-Jul-2025 08:52:17 UTC] Created purchase_history record: buyer=0879ecee-dc27-41dc-8c01-d221decaa3cd, listing=ffed6d7f-dac2-417a-bb69-9f8014cc4ed6, transaction=b59e526f-11f9-4ace-9d81-92a62c1f4df7
[30-Jul-2025 08:57:00 UTC] Sales query for vendor b1bbf44d-ca3b-4880-aa1a-5e774ffcaf54 returned 14 results
[30-Jul-2025 08:58:05 UTC] Sales query for vendor b1bbf44d-ca3b-4880-aa1a-5e774ffcaf54 returned 14 results
[30-Jul-2025 08:58:10 UTC] Sales query for vendor b1bbf44d-ca3b-4880-aa1a-5e774ffcaf54 returned 14 results
[30-Jul-2025 08:59:13 UTC] Sales query for vendor b1bbf44d-ca3b-4880-aa1a-5e774ffcaf54 returned 14 results
[30-Jul-2025 09:00:21 UTC] Sales query for vendor b1bbf44d-ca3b-4880-aa1a-5e774ffcaf54 returned 14 results
[30-Jul-2025 09:00:56 UTC] Sales query for vendor b1bbf44d-ca3b-4880-aa1a-5e774ffcaf54 returned 14 results
[30-Jul-2025 09:01:13 UTC] Sales query for vendor b1bbf44d-ca3b-4880-aa1a-5e774ffcaf54 returned 14 results
